<?xml version="1.0" encoding="utf-8"?><testsuites name="pytest tests"><testsuite name="pytest" errors="0" failures="0" skipped="0" tests="18" time="6.076" timestamp="2026-08-31T10:40:20.234573+00:00" hostname="agent-env-7b214c70-ad76-4f77-a4b7-9df8b90f17fb"><testcase classname="tests.test_booking_flow.TestStripeRemoved" name="test_endpoint_removed[/payments/packages-get]" time="1.895" /><testcase classname="tests.test_booking_flow.TestStripeRemoved" name="test_endpoint_removed[/payments/checkout-post]" time="0.201" /><testcase classname="tests.test_booking_flow.TestStripeRemoved" name="test_endpoint_removed[/payments/status/xyz-get]" time="0.133" /><testcase classname="tests.test_booking_flow.TestStripeRemoved" name="test_endpoint_removed[/webhook/stripe-post]" time="0.124" /><testcase classname="tests.test_booking_flow.TestStripeRemoved" name="test_endpoint_removed[/bookings/schedule-post]" time="0.130" /><testcase classname="tests.test_booking_flow.TestPackages" name="test_three_packages" time="0.180" /><testcase classname="tests.test_booking_flow.TestPublicAvailability" name="test_shape_and_working_hours" time="0.161" /><testcase classname="tests.test_booking_flow.TestPublicAvailability" name="test_no_auth_required" time="0.134" /><testcase classname="tests.test_booking_flow.TestSlotConflict" name="test_60min_booking_blocks_two_slots" time="0.254" /><testcase classname="tests.test_booking_flow.TestSlotConflict" name="test_90min_booking_blocks_three_slots" time="0.229" /><testcase classname="tests.test_booking_flow.TestAdminAuth" name="test_availability_requires_auth" time="0.109" /><testcase classname="tests.test_booking_flow.TestAdminAuth" name="test_bookings_requires_auth" time="0.124" /><testcase classname="tests.test_booking_flow.TestAdminAvailability" name="test_get_admin_availability" time="0.224" /><testcase classname="tests.test_booking_flow.TestAdminAvailability" name="test_toggle_blocks_slot_publicly" time="0.520" /><testcase classname="tests.test_booking_flow.TestAdminAvailability" name="test_block_day" time="0.406" /><testcase classname="tests.test_booking_flow.TestAdminAvailability" name="test_publish_week" time="0.278" /><testcase classname="tests.test_booking_flow.TestAdminBookings" name="test_lifecycle_confirm_reschedule_decline" time="0.686" /><testcase classname="tests.test_booking_flow.TestAdminBookings" name="test_reschedule_invalid_time" time="0.198" /></testsuite></testsuites>