<?xml version="1.0" encoding="utf-8"?><testsuites name="pytest tests"><testsuite name="pytest" errors="0" failures="0" skipped="0" tests="17" time="4.059" timestamp="2026-09-01T12:17:48.664521+00:00" hostname="agent-env-7b214c70-ad76-4f77-a4b7-9df8b90f17fb"><testcase classname="tests.test_iteration21_insights_admin" name="test_featured_returns_card_with_sk_take" time="1.954" /><testcase classname="tests.test_iteration21_insights_admin" name="test_feature_requires_admin" time="0.530" /><testcase classname="tests.test_iteration21_insights_admin" name="test_feature_pin_and_verify" time="0.175" /><testcase classname="tests.test_iteration21_insights_admin" name="test_track_view" time="0.090" /><testcase classname="tests.test_iteration21_insights_admin" name="test_track_share_with_platform" time="0.100" /><testcase classname="tests.test_iteration21_insights_admin" name="test_track_unknown_slug_silently_accepted" time="0.091" /><testcase classname="tests.test_iteration21_insights_admin" name="test_track_invalid_event_400" time="0.081" /><testcase classname="tests.test_iteration21_insights_admin" name="test_analytics_requires_admin" time="0.086" /><testcase classname="tests.test_iteration21_insights_admin" name="test_analytics_structure_and_reflects_tracks" time="0.083" /><testcase classname="tests.test_iteration21_insights_admin" name="test_admin_list_requires_admin" time="0.086" /><testcase classname="tests.test_iteration21_insights_admin" name="test_admin_list_rows" time="0.092" /><testcase classname="tests.test_iteration21_insights_admin" name="test_admin_edit_requires_admin" time="0.090" /><testcase classname="tests.test_iteration21_insights_admin" name="test_admin_edit_dek_and_sort_persists" time="0.183" /><testcase classname="tests.test_iteration21_insights_admin" name="test_editions_requires_admin" time="0.083" /><testcase classname="tests.test_iteration21_insights_admin" name="test_editions_returns_list" time="0.087" /><testcase classname="tests.test_iteration21_insights_admin" name="test_refresh_requires_admin" time="0.086" /><testcase classname="tests.test_iteration21_insights_admin" name="test_newsletter_run_requires_admin" time="0.091" /></testsuite></testsuites>