<?xml version="1.0" encoding="utf-8"?><testsuites name="pytest tests"><testsuite name="pytest" errors="0" failures="0" skipped="0" tests="17" time="4.955" timestamp="2026-08-31T03:33:37.558382+00:00" hostname="agent-env-7b214c70-ad76-4f77-a4b7-9df8b90f17fb"><testcase classname="tests.test_iteration5" name="test_auth_me_returns_client_code" time="0.246" /><testcase classname="tests.test_iteration5" name="test_set_interests_valid_only" time="0.264" /><testcase classname="tests.test_iteration5" name="test_recommended_personalised" time="1.418" /><testcase classname="tests.test_iteration5" name="test_me_blogs_returns_backfilled" time="0.100" /><testcase classname="tests.test_iteration5" name="test_track_authed_and_anon" time="0.239" /><testcase classname="tests.test_iteration5" name="test_create_ticket_and_list" time="0.389" /><testcase classname="tests.test_iteration5" name="test_admin_tickets_and_update" time="0.334" /><testcase classname="tests.test_iteration5" name="test_admin_clients_list" time="0.133" /><testcase classname="tests.test_iteration5" name="test_admin_client_detail" time="0.143" /><testcase classname="tests.test_iteration5" name="test_admin_allowlist_enforced" time="0.117" /><testcase classname="tests.test_iteration5" name="test_me_data_export" time="0.133" /><testcase classname="tests.test_iteration5" name="test_admin_cannot_self_delete" time="0.152" /><testcase classname="tests.test_iteration5" name="test_client_can_delete" time="0.236" /><testcase classname="tests.test_iteration5" name="test_learning_topics_9" time="0.129" /><testcase classname="tests.test_iteration5" name="test_learning_videos_diverse" time="0.098" /><testcase classname="tests.test_iteration5" name="test_learning_daily" time="0.104" /><testcase classname="tests.test_iteration5" name="test_admin_digest_run_inert" time="0.175" /></testsuite></testsuites>