<?xml version="1.0" encoding="utf-8"?><testsuites name="pytest tests"><testsuite name="pytest" errors="0" failures="0" skipped="0" tests="10" time="6.044" timestamp="2026-09-01T13:26:16.511973+00:00" hostname="agent-env-7b214c70-ad76-4f77-a4b7-9df8b90f17fb"><testcase classname="tests.test_iteration24_themes_recap_cadence.TestThemesAPI" name="test_list_themes" time="2.094" /><testcase classname="tests.test_iteration24_themes_recap_cadence.TestRecapCadence" name="test_401_without_token" time="2.215" /><testcase classname="tests.test_iteration24_themes_recap_cadence.TestThemesAPI" name="test_theme_technology" time="0.227" /><testcase classname="tests.test_iteration24_themes_recap_cadence.TestThemesAPI" name="test_theme_invalid_404" time="0.318" /><testcase classname="tests.test_iteration24_themes_recap_cadence.TestRecapCadence" name="test_get_returns_cadence" time="0.620" /><testcase classname="tests.test_iteration24_themes_recap_cadence.TestTrendingSlugs" name="test_default" time="0.290" /><testcase classname="tests.test_iteration24_themes_recap_cadence.TestRecapCadence" name="test_invalid_cadence_400" time="0.178" /><testcase classname="tests.test_iteration24_themes_recap_cadence.TestTrendingSlugs" name="test_tracked_view_appears_with_min1" time="1.938" /><testcase classname="tests.test_iteration24_themes_recap_cadence.TestRecapCadence" name="test_set_monthly_then_reset_weekly" time="0.851" /><testcase classname="tests.test_iteration24_themes_recap_cadence.TestReaderThemeFields" name="test_energy_strategy_hub_or_first_slug" time="0.409" /></testsuite></testsuites>