<?xml version="1.0" encoding="utf-8"?><testsuites name="pytest tests"><testsuite name="pytest" errors="0" failures="0" skipped="0" tests="12" time="7.055" timestamp="2026-09-01T12:37:43.022010+00:00" hostname="agent-env-7b214c70-ad76-4f77-a4b7-9df8b90f17fb"><testcase classname="tests.test_iteration22_insights_rotation.TestSubscriberPreferences" name="test_get_preferences_returns_all_themes" time="3.149" /><testcase classname="tests.test_iteration22_insights_rotation.TestFeaturedQueue" name="test_admin_endpoints_require_auth" time="2.326" /><testcase classname="tests.test_iteration22_insights_rotation.TestFeaturedQueue" name="test_feature_toggle_and_queue_and_current" time="3.145" /><testcase classname="tests.test_iteration22_insights_rotation.TestSubscriberPreferences" name="test_post_preferences_persists" time="0.448" /><testcase classname="tests.test_iteration22_insights_rotation.TestSubscriberPreferences" name="test_invalid_token_400" time="0.297" /><testcase classname="tests.test_iteration22_insights_rotation.TestSubscriberPreferences" name="test_bogus_themes_filtered_out" time="0.484" /><testcase classname="tests.test_iteration22_insights_rotation.TestTrendingAndReads" name="test_view_increments_weekly_and_cumulative" time="1.022" /><testcase classname="tests.test_iteration22_insights_rotation.TestTrendingAndReads" name="test_trending_never_empty_default_limit" time="0.151" /><testcase classname="tests.test_iteration22_insights_rotation.TestFeaturedQueue" name="test_feature_unknown_slug_404" time="0.157" /><testcase classname="tests.test_iteration22_insights_rotation.TestQuoteShareTracking" name="test_share_quote_records_platform_bucket" time="0.498" /><testcase classname="tests.test_iteration22_insights_rotation.TestFeaturedQueue" name="test_featured_falls_back_when_queue_empty" time="0.648" /><testcase classname="tests.test_iteration22_insights_rotation.TestNewsletterRun" name="test_requires_admin" time="0.125" /></testsuite></testsuites>