<?xml version="1.0" encoding="utf-8"?><testsuites name="pytest tests"><testsuite name="pytest" errors="3" failures="0" skipped="0" tests="10" time="5.783" timestamp="2026-09-01T13:02:44.850029+00:00" hostname="agent-env-7b214c70-ad76-4f77-a4b7-9df8b90f17fb"><testcase classname="tests.test_iteration23_auto_feature_recap" name="test_recap_preview_requires_auth" time="2.071" /><testcase classname="tests.test_iteration23_auto_feature_recap" name="test_recap_run_requires_auth" time="0.308" /><testcase classname="tests.test_iteration23_auto_feature_recap" name="test_auto_feature_run_requires_auth" time="0.155" /><testcase classname="tests.test_iteration23_auto_feature_recap" name="test_auto_feature_winner" time="0.693"><error message="failed on setup with &quot;AttributeError: 'list' object has no attribute 'get'&quot;">tests/test_iteration23_auto_feature_recap.py:26: in real_slug
    items = r.json().get("items") or r.json()
            ^^^^^^^^^^^^
E   AttributeError: 'list' object has no attribute 'get'</error></testcase><testcase classname="tests.test_iteration23_auto_feature_recap" name="test_recap_preview_structure" time="0.000"><error message="failed on setup with &quot;AttributeError: 'list' object has no attribute 'get'&quot;">tests/test_iteration23_auto_feature_recap.py:26: in real_slug
    items = r.json().get("items") or r.json()
            ^^^^^^^^^^^^
E   AttributeError: 'list' object has no attribute 'get'</error></testcase><testcase classname="tests.test_iteration23_auto_feature_recap" name="test_recap_run_admin" time="0.139" /><testcase classname="tests.test_iteration23_auto_feature_recap" name="test_newsletter_theme_signup" time="0.366" /><testcase classname="tests.test_iteration23_auto_feature_recap" name="test_newsletter_theme_persisted" time="0.192" /><testcase classname="tests.test_iteration23_auto_feature_recap" name="test_cleanup_test_subscriber" time="0.554" /><testcase classname="tests.test_iteration23_auto_feature_recap" name="test_related_by_theme" time="0.000"><error message="failed on setup with &quot;AttributeError: 'list' object has no attribute 'get'&quot;">tests/test_iteration23_auto_feature_recap.py:26: in real_slug
    items = r.json().get("items") or r.json()
            ^^^^^^^^^^^^
E   AttributeError: 'list' object has no attribute 'get'</error></testcase></testsuite></testsuites>