<?xml version="1.0" encoding="utf-8"?><testsuites name="pytest tests"><testsuite name="pytest" errors="0" failures="0" skipped="0" tests="40" time="10.664" timestamp="2026-09-01T09:13:48.214794+00:00" hostname="agent-env-7b214c70-ad76-4f77-a4b7-9df8b90f17fb"><testcase classname="tests.test_iteration18_revenue.TestCommerceOrder" name="test_order_product" time="2.854" /><testcase classname="tests.test_iteration18_revenue.TestAdminCMSList" name="test_list_returns_all[products]" time="2.524" /><testcase classname="tests.test_iteration18_revenue.TestAdminCMSList" name="test_list_returns_all[cohorts]" time="0.142" /><testcase classname="tests.test_iteration18_revenue.TestAdminCMSList" name="test_list_returns_all[case-studies]" time="0.217" /><testcase classname="tests.test_iteration18_revenue.TestCommerceOrder" name="test_order_cohort" time="0.913" /><testcase classname="tests.test_iteration18_revenue.TestAdminCMSList" name="test_list_returns_all[testimonials]" time="0.121" /><testcase classname="tests.test_iteration18_revenue.TestAdminCMSList" name="test_list_returns_all[promo-codes]" time="0.180" /><testcase classname="tests.test_iteration18_revenue.TestAdminCMSList" name="test_list_returns_all[bundles]" time="0.135" /><testcase classname="tests.test_iteration18_revenue.TestAdminCMSList" name="test_list_unknown_404" time="0.201" /><testcase classname="tests.test_iteration18_revenue.TestAdminCMSList" name="test_admin_requires_auth" time="0.111" /><testcase classname="tests.test_iteration18_revenue.TestAdminCMSList" name="test_inactive_item_visible_in_admin" time="0.517" /><testcase classname="tests.test_iteration18_revenue.TestCommerceOrder" name="test_order_bundle" time="0.888" /><testcase classname="tests.test_iteration18_revenue.TestAnalytics" name="test_orders_list" time="0.140" /><testcase classname="tests.test_iteration18_revenue.TestAnalytics" name="test_promo_analytics" time="0.114" /><testcase classname="tests.test_iteration18_revenue.TestAnalytics" name="test_revenue_analytics" time="0.208" /><testcase classname="tests.test_iteration18_revenue.TestAnalytics" name="test_best_sellers" time="0.122" /><testcase classname="tests.test_iteration18_revenue.TestCommerceOrder" name="test_invalid_kind_400" time="0.134" /><testcase classname="tests.test_iteration18_revenue.TestAnalytics" name="test_nudge_abandoned" time="0.294" /><testcase classname="tests.test_iteration18_revenue.TestCommerceOrder" name="test_unknown_ref_404" time="0.193" /><testcase classname="tests.test_iteration18_revenue.TestCommerceOrder" name="test_order_with_gift" time="0.901" /><testcase classname="tests.test_iteration18_revenue.TestAnalytics" name="test_admin_endpoints_require_auth" time="0.550" /><testcase classname="tests.test_iteration18_revenue.TestCatalogue" name="test_products" time="0.174" /><testcase classname="tests.test_iteration18_revenue.TestCatalogue" name="test_cohorts_seats_left" time="0.133" /><testcase classname="tests.test_iteration18_revenue.TestCatalogue" name="test_bundles" time="0.338" /><testcase classname="tests.test_iteration18_revenue.TestCatalogue" name="test_case_studies_and_testimonials" time="0.271" /><testcase classname="tests.test_iteration18_revenue.TestPromo" name="test_validate_product" time="0.688" /><testcase classname="tests.test_iteration18_revenue.TestCatalogue" name="test_unknown_slugs_404" time="0.290" /><testcase classname="tests.test_iteration18_revenue.TestPromo" name="test_validate_bundle" time="0.117" /><testcase classname="tests.test_iteration18_revenue.TestPromo" name="test_validate_invalid_code" time="0.115" /><testcase classname="tests.test_iteration18_revenue.TestLeadFlows" name="test_nurture_idempotent" time="0.257" /><testcase classname="tests.test_iteration18_revenue.TestPromo" name="test_order_with_valid_promo" time="1.138" /><testcase classname="tests.test_iteration18_revenue.TestLeadFlows" name="test_corporate" time="0.133" /><testcase classname="tests.test_iteration18_revenue.TestLeadFlows" name="test_waitlist_ok_and_404" time="0.242" /><testcase classname="tests.test_iteration18_revenue.TestBlueprint" name="test_starter_pdf" time="0.465" /><testcase classname="tests.test_iteration18_revenue.TestBlueprint" name="test_download_bad_id_404" time="0.130" /><testcase classname="tests.test_iteration18_revenue.TestPromo" name="test_order_with_invalid_promo_400" time="0.274" /><testcase classname="tests.test_iteration18_revenue.TestFullCohortWaitlist" name="test_full_cohort_returns_waitlist" time="0.407" /><testcase classname="tests.test_iteration18_revenue.TestAdminCMSCRUD" name="test_create_update_delete[products-payload_extra0]" time="0.401" /><testcase classname="tests.test_iteration18_revenue.TestAdminCMSCRUD" name="test_create_update_delete[bundles-payload_extra1]" time="0.452" /><testcase classname="tests.test_iteration18_revenue.TestAdminCMSCRUD" name="test_promo_code_crud" time="0.744" /></testsuite></testsuites>