<?xml version="1.0" encoding="utf-8"?><testsuites name="pytest tests"><testsuite name="pytest" errors="0" failures="1" skipped="0" tests="21" time="5.409" timestamp="2026-09-01T12:02:31.328614+00:00" hostname="agent-env-7b214c70-ad76-4f77-a4b7-9df8b90f17fb"><testcase classname="tests.test_iteration20_service_insights" name="test_list_all_service_insights" time="1.930" /><testcase classname="tests.test_iteration20_service_insights" name="test_service_filter_returns_10[business-strategy]" time="0.095" /><testcase classname="tests.test_iteration20_service_insights" name="test_service_filter_returns_10[ma-advisory]" time="0.095" /><testcase classname="tests.test_iteration20_service_insights" name="test_service_filter_returns_10[fund-raising]" time="0.092" /><testcase classname="tests.test_iteration20_service_insights" name="test_service_filter_returns_10[premium-consultation]" time="0.092" /><testcase classname="tests.test_iteration20_service_insights" name="test_service_filter_returns_10[re-storage-hydrogen]" time="0.115" /><testcase classname="tests.test_iteration20_service_insights" name="test_service_filter_returns_10[green-climate-financing]" time="0.102" /><testcase classname="tests.test_iteration20_service_insights" name="test_service_filter_returns_10[asset-monetisation]" time="0.090" /><testcase classname="tests.test_iteration20_service_insights" name="test_service_filter_returns_10[business-coaching]" time="0.097" /><testcase classname="tests.test_iteration20_service_insights" name="test_category_filter" time="0.216" /><testcase classname="tests.test_iteration20_service_insights" name="test_services_counts" time="0.108" /><testcase classname="tests.test_iteration20_service_insights" name="test_get_energy_strategy_hub" time="0.091"><failure message="assert 404 == 200&#10; +  where 404 = &lt;Response [404]&gt;.status_code">tests/test_iteration20_service_insights.py:80: in test_get_energy_strategy_hub
    assert r.status_code == 200
E   assert 404 == 200
E    +  where 404 = &lt;Response [404]&gt;.status_code</failure></testcase><testcase classname="tests.test_iteration20_service_insights" name="test_unknown_insight_404" time="0.089" /><testcase classname="tests.test_iteration20_service_insights" name="test_service_insights_archive_list" time="0.099" /><testcase classname="tests.test_iteration20_service_insights" name="test_service_insights_archive_unknown" time="0.098" /><testcase classname="tests.test_iteration20_service_insights" name="test_unified_archive" time="0.838" /><testcase classname="tests.test_iteration20_service_insights" name="test_archive_type_filter_video" time="0.091" /><testcase classname="tests.test_iteration20_service_insights" name="test_archive_theme_filter_technology" time="0.102" /><testcase classname="tests.test_iteration20_service_insights" name="test_admin_status_requires_auth" time="0.141" /><testcase classname="tests.test_iteration20_service_insights" name="test_admin_regenerate_requires_auth" time="0.226" /><testcase classname="tests.test_iteration20_service_insights" name="test_admin_status_with_token" time="0.472" /></testsuite></testsuites>