<?xml version="1.0" encoding="utf-8"?><testsuites name="pytest tests"><testsuite name="pytest" errors="0" failures="0" skipped="0" tests="13" time="4.265" timestamp="2026-08-31T11:58:59.292382+00:00" hostname="agent-env-7b214c70-ad76-4f77-a4b7-9df8b90f17fb"><testcase classname="tests.test_iteration8.TestLegalPages" name="test_terms_no_stripe" time="1.738" /><testcase classname="tests.test_iteration8.TestLegalPages" name="test_refund_title_renamed" time="0.002" /><testcase classname="tests.test_iteration8.TestLegalPages" name="test_privacy_no_stripe" time="0.001" /><testcase classname="tests.test_iteration8.TestBookingActionsWithoutCalendar" name="test_confirm_no_calendar" time="0.181" /><testcase classname="tests.test_iteration8.TestCalendarEndpoints" name="test_status_initial" time="1.972" /><testcase classname="tests.test_iteration8.TestBookingActionsWithoutCalendar" name="test_reschedule_no_calendar" time="0.279" /><testcase classname="tests.test_iteration8.TestCalendarEndpoints" name="test_oauth_start" time="0.170" /><testcase classname="tests.test_iteration8.TestCalendarEndpoints" name="test_oauth_start_requires_admin" time="0.156" /><testcase classname="tests.test_iteration8.TestBookingActionsWithoutCalendar" name="test_decline_no_calendar" time="0.231" /><testcase classname="tests.test_iteration8.TestCalendarEndpoints" name="test_disconnect" time="0.146" /><testcase classname="tests.test_iteration8.TestVaultStatus" name="test_vault_status_shape" time="0.211" /><testcase classname="tests.test_iteration8.TestCalendarEndpoints" name="test_callback_error_redirects" time="0.156" /><testcase classname="tests.test_iteration8.TestCalendarEndpoints" name="test_callback_invalid_state_no_tokens_stored" time="0.177" /></testsuite></testsuites>