<?xml version="1.0" encoding="utf-8"?><testsuites name="pytest tests"><testsuite name="pytest" errors="0" failures="0" skipped="0" tests="9" time="21.436" timestamp="2026-09-03T04:29:47.043410+00:00" hostname="agent-env-7b214c70-ad76-4f77-a4b7-9df8b90f17fb"><testcase classname="tests.test_iteration25_collateral" name="test_collateral_list_and_counts" time="2.259" /><testcase classname="tests.test_iteration25_collateral" name="test_ansoff_matrix_pdf_nonempty" time="0.228" /><testcase classname="tests.test_iteration25_collateral" name="test_upload_publish_override_unpublish" time="1.519" /><testcase classname="tests.test_iteration25_collateral" name="test_public_file_offline_gated" time="0.144" /><testcase classname="tests.test_iteration25_collateral" name="test_edit_metadata" time="0.402" /><testcase classname="tests.test_iteration25_collateral" name="test_edit_product_price_syncs" time="0.615" /><testcase classname="tests.test_iteration25_collateral" name="test_create_and_delete_custom" time="0.255" /><testcase classname="tests.test_iteration25_collateral" name="test_builtin_delete_forbidden" time="0.237" /><testcase classname="tests.test_iteration25_collateral" name="test_ai_generate_schedules" time="15.712" /></testsuite></testsuites>