<?xml version="1.0" encoding="utf-8"?><testsuites name="pytest tests"><testsuite name="pytest" errors="0" failures="0" skipped="0" tests="14" time="5.100" timestamp="2026-09-01T10:23:02.891727+00:00" hostname="agent-env-7b214c70-ad76-4f77-a4b7-9df8b90f17fb"><testcase classname="tests.test_iteration19_strategy.TestServices" name="test_list_services_order_and_signature" time="2.359" /><testcase classname="tests.test_iteration19_strategy.TestServices" name="test_business_strategy_workflow" time="0.174" /><testcase classname="tests.test_iteration19_strategy.TestServices" name="test_ma_advisory_airline_loyalty" time="0.175" /><testcase classname="tests.test_iteration19_strategy.TestServices" name="test_fund_raising_3billion" time="0.169" /><testcase classname="tests.test_iteration19_strategy.TestServices" name="test_unknown_service_404" time="0.170" /><testcase classname="tests.test_iteration19_strategy.TestStrategyTools" name="test_list_13" time="0.162" /><testcase classname="tests.test_iteration19_strategy.TestStrategyTools" name="test_ansoff_detail" time="0.259" /><testcase classname="tests.test_iteration19_strategy.TestStrategyTools" name="test_unknown_tool_404" time="0.268" /><testcase classname="tests.test_iteration19_strategy.TestStrategyTools" name="test_ansoff_pdf" time="0.406" /><testcase classname="tests.test_iteration19_strategy.TestStrategyTools" name="test_fishbone_pdf" time="0.211" /><testcase classname="tests.test_iteration19_strategy.TestStrategyTools" name="test_unknown_pdf_404" time="0.184" /><testcase classname="tests.test_iteration19_strategy.TestStrategyInsights" name="test_list_6" time="0.144" /><testcase classname="tests.test_iteration19_strategy.TestStrategyInsights" name="test_get_ma_value_creation" time="0.148" /><testcase classname="tests.test_iteration19_strategy.TestStrategyInsights" name="test_unknown_insight_404" time="0.183" /></testsuite></testsuites>