<?xml version="1.0" encoding="utf-8"?><testsuites name="pytest tests"><testsuite name="pytest" errors="0" failures="0" skipped="0" tests="5" time="3.874" timestamp="2026-09-03T05:37:41.139683+00:00" hostname="agent-env-7b214c70-ad76-4f77-a4b7-9df8b90f17fb"><testcase classname="tests.test_iteration27.TestGateUnlockLogging" name="test_unlock_logs_masked_event" time="2.379" /><testcase classname="tests.test_iteration27.TestScheduleToggle" name="test_toggle_on" time="2.716" /><testcase classname="tests.test_iteration27.TestFriendlyErrorRegression" name="test_wrong_password_still_specific" time="0.336" /><testcase classname="tests.test_iteration27.TestScheduleToggle" name="test_toggle_off" time="0.297" /><testcase classname="tests.test_iteration27.TestAdminSecurityShape" name="test_shape_present" time="0.130" /></testsuite></testsuites>