<?xml version="1.0" encoding="utf-8"?><testsuites name="pytest tests"><testsuite name="pytest" errors="0" failures="0" skipped="0" tests="26" time="7.146" timestamp="2026-09-01T08:04:48.108979+00:00" hostname="agent-env-7b214c70-ad76-4f77-a4b7-9df8b90f17fb"><testcase classname="tests.test_iteration16_commerce.TestCatalogue" name="test_list_products" time="2.044" /><testcase classname="tests.test_iteration16_commerce.TestCommerce" name="test_commerce_order_product" time="3.001" /><testcase classname="tests.test_iteration16_commerce.TestCatalogue" name="test_get_product_ok" time="0.113" /><testcase classname="tests.test_iteration16_commerce.TestCatalogue" name="test_get_product_404" time="0.257" /><testcase classname="tests.test_iteration16_commerce.TestCatalogue" name="test_list_cohorts" time="0.231" /><testcase classname="tests.test_iteration16_commerce.TestCatalogue" name="test_get_cohort_ok" time="0.126" /><testcase classname="tests.test_iteration16_commerce.TestCatalogue" name="test_get_cohort_404" time="0.143" /><testcase classname="tests.test_iteration16_commerce.TestCatalogue" name="test_case_studies" time="0.106" /><testcase classname="tests.test_iteration16_commerce.TestCommerce" name="test_commerce_order_cohort" time="0.918" /><testcase classname="tests.test_iteration16_commerce.TestCatalogue" name="test_testimonials" time="0.229" /><testcase classname="tests.test_iteration16_commerce.TestAdminCMS" name="test_admin_orders_unauth" time="0.146" /><testcase classname="tests.test_iteration16_commerce.TestAdminCMS" name="test_admin_orders_ok" time="0.520" /><testcase classname="tests.test_iteration16_commerce.TestCommerce" name="test_commerce_order_invalid_kind" time="0.156" /><testcase classname="tests.test_iteration16_commerce.TestAdminCMS" name="test_cms_unknown_collection" time="0.348" /><testcase classname="tests.test_iteration16_commerce.TestCommerce" name="test_commerce_order_unknown_ref" time="0.171" /><testcase classname="tests.test_iteration16_commerce.TestCommerce" name="test_commerce_verify_bogus" time="0.230" /><testcase classname="tests.test_iteration16_commerce.TestAdminCMS" name="test_cms_crud[products-payload0]" time="0.364" /><testcase classname="tests.test_iteration16_commerce.TestCommerce" name="test_cohort_waitlist_ok" time="0.285" /><testcase classname="tests.test_iteration16_commerce.TestAdminCMS" name="test_cms_crud[cohorts-payload1]" time="0.469" /><testcase classname="tests.test_iteration16_commerce.TestCommerce" name="test_cohort_waitlist_404" time="0.099" /><testcase classname="tests.test_iteration16_commerce.TestFunnels" name="test_nurture_subscribe_idempotent" time="0.307" /><testcase classname="tests.test_iteration16_commerce.TestAdminCMS" name="test_cms_crud[case-studies-payload2]" time="0.645" /><testcase classname="tests.test_iteration16_commerce.TestFunnels" name="test_corporate_inquiry" time="0.161" /><testcase classname="tests.test_iteration16_commerce.TestBlueprintPDF" name="test_starter_pdf" time="0.408" /><testcase classname="tests.test_iteration16_commerce.TestBlueprintPDF" name="test_download_unknown_order_404" time="0.138" /><testcase classname="tests.test_iteration16_commerce.TestAdminCMS" name="test_cms_crud[testimonials-payload3]" time="0.550" /></testsuite></testsuites>