<?xml version="1.0" encoding="utf-8"?><testsuites name="pytest tests"><testsuite name="pytest" errors="0" failures="0" skipped="0" tests="8" time="8.814" timestamp="2026-08-31T18:42:02.634961+00:00" hostname="agent-env-7b214c70-ad76-4f77-a4b7-9df8b90f17fb"><testcase classname="tests.test_iteration15_new_features" name="test_score_anon_returns_saved_false" time="2.239" /><testcase classname="tests.test_iteration15_new_features" name="test_score_auth_returns_saved_true_persists" time="1.056" /><testcase classname="tests.test_iteration15_new_features" name="test_leaderboard_public_shape" time="0.224" /><testcase classname="tests.test_iteration15_new_features" name="test_leaderboard_authed_includes_my_data" time="0.167" /><testcase classname="tests.test_iteration15_new_features" name="test_my_simulations_requires_auth" time="0.143" /><testcase classname="tests.test_iteration15_new_features" name="test_my_simulations_aggregates" time="0.155" /><testcase classname="tests.test_iteration15_new_features" name="test_library_digest_admin_only" time="0.168" /><testcase classname="tests.test_iteration15_new_features" name="test_library_digest_run_admin" time="3.846" /></testsuite></testsuites>