<?xml version="1.0" encoding="utf-8"?><testsuites name="pytest tests"><testsuite name="pytest" errors="0" failures="0" skipped="0" tests="9" time="5.751" timestamp="2026-09-03T04:46:43.084138+00:00" hostname="agent-env-7b214c70-ad76-4f77-a4b7-9df8b90f17fb"><testcase classname="tests.test_iteration26_downloads" name="test_admin_collateral_list_includes_analytics" time="2.204" /><testcase classname="tests.test_iteration26_downloads" name="test_strategy_tools_list_has_gated_flag" time="0.140" /><testcase classname="tests.test_iteration26_downloads" name="test_gated_download_403_without_cookie" time="0.132" /><testcase classname="tests.test_iteration26_downloads" name="test_unlock_sets_cookie_and_upserts_subscriber_and_downloads_ok" time="0.373" /><testcase classname="tests.test_iteration26_downloads" name="test_download_increments_counter" time="0.716" /><testcase classname="tests.test_iteration26_downloads" name="test_gate_toggle_off_allows_direct_download_then_re_gate" time="0.696" /><testcase classname="tests.test_iteration26_downloads" name="test_bulk_refresh_status_endpoint" time="0.096" /><testcase classname="tests.test_iteration26_downloads" name="test_bulk_refresh_409_guard_via_flag" time="0.311" /><testcase classname="tests.test_iteration26_downloads" name="test_zzz_cleanup_test_subscribers" time="0.004" /></testsuite></testsuites>