<?xml version="1.0" encoding="utf-8"?><testsuites name="pytest tests"><testsuite name="pytest" errors="0" failures="0" skipped="0" tests="14" time="19.216" timestamp="2026-08-31T13:23:49.434830+00:00" hostname="agent-env-7b214c70-ad76-4f77-a4b7-9df8b90f17fb"><testcase classname="tests.test_iteration9.TestHomeContent" name="test_home_content_shape" time="1.918" /><testcase classname="tests.test_iteration9.TestConsentLogs" name="test_consent_logs_requires_auth" time="1.920" /><testcase classname="tests.test_iteration9.TestConsentLogs" name="test_consent_logs_forbidden_for_non_admin" time="0.143" /><testcase classname="tests.test_iteration9.TestHomeContent" name="test_regenerate_requires_auth" time="0.216" /><testcase classname="tests.test_iteration9.TestConsentLogs" name="test_consent_logs_shape" time="0.163" /><testcase classname="tests.test_iteration9.TestHomeContent" name="test_regenerate_forbidden_for_non_admin" time="0.173" /><testcase classname="tests.test_iteration9.TestConsentLogs" name="test_consent_export_requires_auth" time="0.158" /><testcase classname="tests.test_iteration9.TestHomeContent" name="test_regenerate_success" time="15.258" /><testcase classname="tests.test_iteration9.TestConsentLogs" name="test_consent_export_csv" time="0.161" /><testcase classname="tests.test_iteration9.TestConsentRecordPersistence" name="test_direct_consent_insert_then_export" time="0.314" /><testcase classname="tests.test_iteration9.TestAuthConsentEnforcement" name="test_login_missing_captcha_rejected" time="0.178" /><testcase classname="tests.test_iteration9.TestAuthConsentEnforcement" name="test_register_missing_captcha_rejected" time="0.134" /><testcase classname="tests.test_iteration9.TestAuthConsentEnforcement" name="test_captcha_gate_missing_captcha_rejected" time="0.212" /><testcase classname="tests.test_iteration9.TestAuthConsentEnforcement" name="test_session_without_gate_cookie_rejected" time="0.255" /></testsuite></testsuites>