<?xml version="1.0" encoding="utf-8"?><testsuites name="pytest tests"><testsuite name="pytest" errors="0" failures="0" skipped="0" tests="8" time="3.140" timestamp="2026-09-03T05:51:02.262531+00:00" hostname="agent-env-7b214c70-ad76-4f77-a4b7-9df8b90f17fb"><testcase classname="tests.test_iteration28_admin_obfuscation_tokens.TestResumePayment" name="test_unknown_raw_id_returns_404" time="1.763" /><testcase classname="tests.test_iteration28_admin_obfuscation_tokens.TestBlueprintDownload" name="test_invalid_token_returns_400" time="1.837" /><testcase classname="tests.test_iteration28_admin_obfuscation_tokens.TestResumePayment" name="test_invalid_token_string_returns_404" time="0.141" /><testcase classname="tests.test_iteration28_admin_obfuscation_tokens.TestBlueprintDownload" name="test_missing_token_returns_422" time="0.154" /><testcase classname="tests.test_iteration28_admin_obfuscation_tokens.TestAdminLoginRegression" name="test_admin_login_success" time="0.111" /><testcase classname="tests.test_iteration28_admin_obfuscation_tokens.TestBlueprintDownload" name="test_legacy_route_unknown_id_returns_404" time="0.226" /><testcase classname="tests.test_iteration28_admin_obfuscation_tokens.TestAdminLoginRegression" name="test_admin_login_wrong_password_specific_error" time="0.093" /><testcase classname="tests.test_iteration28_admin_obfuscation_tokens.TestAdminPathBackend" name="test_admin_path_constant_present" time="0.230" /></testsuite></testsuites>