<?xml version="1.0" encoding="utf-8"?><testsuites name="pytest tests"><testsuite name="pytest" errors="0" failures="0" skipped="0" tests="12" time="5.490" timestamp="2026-08-31T18:22:47.018532+00:00" hostname="agent-env-7b214c70-ad76-4f77-a4b7-9df8b90f17fb"><testcase classname="tests.test_library_and_games.TestBooksList" name="test_shelf_returns_12" time="2.663" /><testcase classname="tests.test_library_and_games.TestBookDetail" name="test_public_domain_book" time="3.155" /><testcase classname="tests.test_library_and_games.TestBooksList" name="test_scope_all_returns_39" time="0.223" /><testcase classname="tests.test_library_and_games.TestBooksList" name="test_daily_shelf_deterministic" time="0.341" /><testcase classname="tests.test_library_and_games.TestBookDetail" name="test_book_text" time="0.657" /><testcase classname="tests.test_library_and_games.TestGameScore" name="test_best_answers_score_max_high" time="0.410" /><testcase classname="tests.test_library_and_games.TestGameScore" name="test_mixed_answers_band" time="0.333" /><testcase classname="tests.test_library_and_games.TestBookDetail" name="test_unknown_book_404" time="0.175" /><testcase classname="tests.test_library_and_games.TestGameScore" name="test_score_unknown_game_404" time="0.198" /><testcase classname="tests.test_library_and_games.TestGameDetail" name="test_game_detail" time="0.245" /><testcase classname="tests.test_library_and_games.TestGamesList" name="test_six_games" time="0.147" /><testcase classname="tests.test_library_and_games.TestGameDetail" name="test_unknown_game_404" time="0.169" /></testsuite></testsuites>