<?xml version="1.0" encoding="utf-8"?><testsuites name="pytest tests"><testsuite name="pytest" errors="0" failures="0" skipped="1" tests="21" time="4.356" timestamp="2026-08-30T17:24:36.933249+00:00" hostname="agent-env-7b214c70-ad76-4f77-a4b7-9df8b90f17fb"><testcase classname="tests.test_iteration3.TestServices" name="test_list_services" time="0.361" /><testcase classname="tests.test_iteration3.TestCaptchaEnforcement" name="test_login_missing_captcha_400" time="0.363" /><testcase classname="tests.test_iteration3.TestServices" name="test_service_detail" time="0.123" /><testcase classname="tests.test_iteration3.TestCaptchaEnforcement" name="test_register_missing_captcha_400" time="0.329" /><testcase classname="tests.test_iteration3.TestServices" name="test_service_energy_hub_placeholder_should_404" time="0.199" /><testcase classname="tests.test_iteration3.TestServices" name="test_service_unknown_404" time="0.101" /><testcase classname="tests.test_iteration3.TestCaptchaEnforcement" name="test_consultation_missing_captcha_400" time="0.139" /><testcase classname="tests.test_iteration3.TestBookings" name="test_schedule_requires_paid" time="0.946" /><testcase classname="tests.test_iteration3.TestCaptchaEnforcement" name="test_newsletter_missing_captcha_400" time="0.747" /><testcase classname="tests.test_iteration3.TestCaptchaEnforcement" name="test_checkout_missing_captcha_400" time="0.105" /><testcase classname="tests.test_iteration3.TestCaptchaEnforcement" name="test_login_with_captcha_ok" time="0.426" /><testcase classname="tests.test_iteration3.TestBookings" name="test_schedule_unknown_session_404" time="0.371" /><testcase classname="tests.test_iteration3.TestBookings" name="test_schedule_success_when_paid" time="0.000"><skipped type="pytest.skip" message="Cannot complete Stripe hosted-page payment automatically; covered by 402 path.">/app/backend/tests/test_iteration3.py:164: Cannot complete Stripe hosted-page payment automatically; covered by 402 path.</skipped></testcase><testcase classname="tests.test_iteration3.TestSEO" name="test_robots_txt" time="0.189" /><testcase classname="tests.test_iteration3.TestCaptchaEnforcement" name="test_consultation_with_captcha_ok" time="0.187" /><testcase classname="tests.test_iteration3.TestSEO" name="test_sitemap_xml" time="0.162" /><testcase classname="tests.test_iteration3.TestCaptchaEnforcement" name="test_newsletter_with_captcha_ok" time="0.180" /><testcase classname="tests.test_iteration3.TestDeals" name="test_deals_endpoint" time="0.931" /><testcase classname="tests.test_iteration3.TestAdminLock" name="test_new_user_is_client_not_admin" time="1.127" /><testcase classname="tests.test_iteration3.TestSecurityHeaders" name="test_headers_present" time="0.114" /><testcase classname="tests.test_iteration3.TestAdminLock" name="test_admin_can_list_consultations" time="0.118" /></testsuite></testsuites>