<?xml version="1.0" encoding="utf-8"?><testsuites name="pytest tests"><testsuite name="pytest" errors="0" failures="0" skipped="0" tests="25" time="22.687" timestamp="2026-08-30T16:39:13.859401+00:00" hostname="agent-env-7b214c70-ad76-4f77-a4b7-9df8b90f17fb"><testcase classname="tests.backend_test.TestArticles" name="test_list" time="0.542" /><testcase classname="tests.backend_test.TestAuth" name="test_admin_login" time="0.522" /><testcase classname="tests.backend_test.TestAuth" name="test_me" time="0.154" /><testcase classname="tests.backend_test.TestArticles" name="test_filter_category[news]" time="0.149" /><testcase classname="tests.backend_test.TestAuth" name="test_bad_login" time="0.412" /><testcase classname="tests.backend_test.TestArticles" name="test_filter_category[analysis]" time="0.115" /><testcase classname="tests.backend_test.TestArticles" name="test_filter_category[blog]" time="0.289" /><testcase classname="tests.backend_test.TestArticles" name="test_filter_category[rd]" time="0.347" /><testcase classname="tests.backend_test.TestAuth" name="test_register_and_login" time="0.747" /><testcase classname="tests.backend_test.TestArticles" name="test_filter_category[casestudy]" time="0.114" /><testcase classname="tests.backend_test.TestArticles" name="test_get_by_slug" time="0.278" /><testcase classname="tests.backend_test.TestAuth" name="test_duplicate_register" time="0.125" /><testcase classname="tests.backend_test.TestArticles" name="test_get_missing" time="0.165" /><testcase classname="tests.backend_test.TestAuth" name="test_no_token" time="0.223" /><testcase classname="tests.backend_test.TestConsultation" name="test_create" time="0.146" /><testcase classname="tests.backend_test.TestAuth" name="test_admin_only_forbidden_for_client" time="0.302" /><testcase classname="tests.backend_test.TestConsultation" name="test_admin_list_and_status" time="0.693" /><testcase classname="tests.backend_test.TestAI" name="test_chat_streaming" time="2.282" /><testcase classname="tests.backend_test.TestConsultation" name="test_client_cannot_list" time="0.477" /><testcase classname="tests.backend_test.TestArticleCRUD" name="test_create_and_delete" time="0.521" /><testcase classname="tests.backend_test.TestArticleCRUD" name="test_client_cannot_create" time="0.096" /><testcase classname="tests.backend_test.TestMeta" name="test_meta" time="0.110" /><testcase classname="tests.backend_test.TestAdminStats" name="test_stats" time="0.106" /><testcase classname="tests.backend_test.TestAI" name="test_generate_admin" time="17.245" /><testcase classname="tests.backend_test.TestAI" name="test_generate_forbidden_client" time="0.139" /></testsuite></testsuites>