<?xml version="1.0" encoding="utf-8"?><testsuites name="pytest tests"><testsuite name="pytest" errors="0" failures="0" skipped="0" tests="20" time="4.965" timestamp="2026-08-31T02:49:20.147993+00:00" hostname="agent-env-7b214c70-ad76-4f77-a4b7-9df8b90f17fb"><testcase classname="tests.test_learning_and_captcha" name="test_missing_captcha_returns_400[/newsletter-body0]" time="0.281" /><testcase classname="tests.test_learning_and_captcha" name="test_missing_captcha_returns_400[/auth/login-body1]" time="0.165" /><testcase classname="tests.test_learning_and_captcha" name="test_missing_captcha_returns_400[/auth/register-body2]" time="0.106" /><testcase classname="tests.test_learning_and_captcha" name="test_missing_captcha_returns_400[/consultations-body3]" time="0.159" /><testcase classname="tests.test_learning_and_captcha" name="test_missing_captcha_returns_400[/payments/checkout-body4]" time="0.163" /><testcase classname="tests.test_learning_and_captcha" name="test_invalid_captcha_returns_403[/newsletter-body0]" time="0.225" /><testcase classname="tests.test_learning_and_captcha" name="test_invalid_captcha_returns_403[/auth/login-body1]" time="0.187" /><testcase classname="tests.test_learning_and_captcha" name="test_invalid_captcha_returns_403[/auth/register-body2]" time="0.170" /><testcase classname="tests.test_learning_and_captcha" name="test_invalid_captcha_returns_403[/consultations-body3]" time="0.232" /><testcase classname="tests.test_learning_and_captcha" name="test_invalid_captcha_returns_403[/payments/checkout-body4]" time="0.216" /><testcase classname="tests.test_learning_and_captcha" name="test_learning_topics" time="0.247" /><testcase classname="tests.test_learning_and_captcha" name="test_learning_videos_default" time="0.132" /><testcase classname="tests.test_learning_and_captcha" name="test_learning_videos_energy_filter" time="0.128" /><testcase classname="tests.test_learning_and_captcha" name="test_learning_daily" time="0.120" /><testcase classname="tests.test_learning_and_captcha" name="test_learning_recommended_unauth" time="0.104" /><testcase classname="tests.test_learning_and_captcha" name="test_auth_me_bearer_session" time="0.412" /><testcase classname="tests.test_learning_and_captcha" name="test_track_with_auth_returns_topics" time="0.201" /><testcase classname="tests.test_learning_and_captcha" name="test_track_without_auth_returns_tracked_false" time="0.103" /><testcase classname="tests.test_learning_and_captcha" name="test_recommended_personalised_after_tracking" time="0.551" /><testcase classname="tests.test_learning_and_captcha" name="test_admin_login_rejects_invalid_captcha" time="0.200" /></testsuite></testsuites>