<?xml version="1.0" encoding="utf-8"?><testsuites name="pytest tests"><testsuite name="pytest" errors="0" failures="0" skipped="0" tests="7" time="3.611" timestamp="2026-08-31T09:21:33.156383+00:00" hostname="agent-env-7b214c70-ad76-4f77-a4b7-9df8b90f17fb"><testcase classname="tests.test_bruteforce_ip" name="test_client_ip_from_xff_first" time="0.034" /><testcase classname="tests.test_bruteforce_ip" name="test_client_ip_from_xri_when_no_xff" time="0.022" /><testcase classname="tests.test_bruteforce_ip" name="test_client_ip_falls_back_to_peer" time="0.023" /><testcase classname="tests.test_bruteforce_ip" name="test_login_identifier_uses_xff_not_proxy" time="0.024" /><testcase classname="tests.test_bruteforce_ip" name="test_different_client_ips_produce_different_identifiers" time="0.030" /><testcase classname="tests.test_bruteforce_ip" name="test_lockout_after_max_attempts_and_release_on_clear" time="0.054" /><testcase classname="tests.test_bruteforce_ip" name="test_two_real_ips_same_email_isolated" time="0.034" /></testsuite></testsuites>