<?xml version="1.0" encoding="utf-8"?><testsuites name="pytest tests"><testsuite name="pytest" errors="0" failures="0" skipped="0" tests="10" time="3.618" timestamp="2026-08-30T16:56:21.423730+00:00" hostname="agent-env-7b214c70-ad76-4f77-a4b7-9df8b90f17fb"><testcase classname="tests.test_new_features.TestNewsletter" name="test_subscribe_and_duplicate" time="0.408" /><testcase classname="tests.test_new_features.TestPayments" name="test_packages" time="0.181" /><testcase classname="tests.test_new_features.TestPayments" name="test_checkout_invalid_package" time="0.114" /><testcase classname="tests.test_new_features.TestPayments" name="test_checkout_valid" time="1.325" /><testcase classname="tests.test_new_features.TestNewsletter" name="test_subscribe_invalid_email" time="0.616" /><testcase classname="tests.test_new_features.TestNewsletter" name="test_admin_list_subscribers" time="0.704" /><testcase classname="tests.test_new_features.TestPayments" name="test_payment_status_unknown" time="0.175" /><testcase classname="tests.test_new_features.TestNewsletter" name="test_admin_list_forbidden" time="0.116" /><testcase classname="tests.test_new_features.TestMarketLive" name="test_live_shape" time="1.068" /><testcase classname="tests.test_new_features.TestPayments" name="test_paid_lead_appears_in_admin" time="1.227" /></testsuite></testsuites>